<?xml version="1.0" encoding="UTF-8"?>
<!-- Generated by org.testng.reporters.JUnitReportReporter -->
<testsuite hostname="HP" failures="0" tests="3" name="pack123.TestClass" time="0.000" errors="0" timestamp="2022-07-09T17:34:00 IST" skipped="3">
  <testcase classname="pack123.TestClass" name="testB" time="0.000">
    <skipped/>
  </testcase> <!-- testB -->
  <system-out/>
  <testcase classname="pack123.TestClass" name="testC" time="0.000">
    <skipped/>
  </testcase> <!-- testC -->
  <system-out/>
  <testcase classname="pack123.TestClass" name="testA" time="0.000">
    <skipped/>
  </testcase> <!-- testA -->
  <system-out/>
</testsuite> <!-- pack123.TestClass -->
