<?xml version="1.0" encoding="UTF-8"?>
<!-- Generated by org.testng.reporters.JUnitReportReporter -->
<testsuite hostname="HP" failures="0" tests="5" name="pack123.TestClass123" time="0.000" errors="0" timestamp="2022-07-09T17:34:00 IST" skipped="5">
  <testcase classname="pack123.TestClass123" name="test4" time="0.000">
    <skipped/>
  </testcase> <!-- test4 -->
  <system-out/>
  <testcase classname="pack123.TestClass123" name="test4" time="0.000">
    <skipped/>
  </testcase> <!-- test4 -->
  <system-out/>
  <testcase classname="pack123.TestClass123" name="test3" time="0.000">
    <skipped/>
  </testcase> <!-- test3 -->
  <system-out/>
  <testcase classname="pack123.TestClass123" name="test2" time="0.000">
    <skipped/>
  </testcase> <!-- test2 -->
  <system-out/>
  <testcase classname="pack123.TestClass123" name="test1">
    <skipped/>
  </testcase> <!-- test1 -->
  <system-out/>
</testsuite> <!-- pack123.TestClass123 -->
