<?xml version="1.0" encoding="UTF-8"?>
<!-- Generated by org.testng.reporters.JUnitReportReporter -->
<testsuite hostname="HP" failures="0" tests="2" name="test.ToVerifyTaskbuttonTestNG" time="31.405" errors="0" timestamp="2022-06-26T18:45:43 IST" skipped="0">
  <testcase classname="test.ToVerifyTaskbuttonTestNG" name="testA" time="20.522"/>
  <system-out/>
  <testcase classname="test.ToVerifyTaskbuttonTestNG" name="testB" time="10.883"/>
  <system-out/>
</testsuite> <!-- test.ToVerifyTaskbuttonTestNG -->
